dial tcp 127.0.0.1:5432: connect: connection refused
dial tcp 127.0.0.1:5432: connect: connection refused

[35m(/home/sasukebo/go/src/github.com/SasukeBo/point-one-exam/main.go:30)[0m 
[33m[2019-10-14 22:36:00][0m  [36;1m[54.69ms][0m  CREATE TABLE "user_refs" ("id" serial,"created_at" timestamp with time zone,"updated_at" timestamp with time zone,"deleted_at" timestamp with time zone,"from" text,"to" text,"post_id" integer , PRIMARY KEY ("id"))  
[36;31m[0 rows affected or returned ][0m 

[35m(/home/sasukebo/go/src/github.com/SasukeBo/point-one-exam/main.go:30)[0m 
[33m[2019-10-14 22:36:00][0m  [36;1m[4.73ms][0m  CREATE INDEX idx_user_refs_deleted_at ON "user_refs"(deleted_at)   
[36;31m[0 rows affected or returned ][0m 
[GIN-debug] [WARNING] Now Gin requires Go 1.10 or later and Go 1.11 will be required soon.

[GIN-debug] [WARNING] Creating an Engine instance with the Logger and Recovery middleware already attached.

[GIN-debug] [WARNING] Running in "debug" mode. Switch to "release" mode in production.
 - using env:	export GIN_MODE=release
 - using code:	gin.SetMode(gin.ReleaseMode)

[GIN-debug] GET    /suggest                  --> main.main.func1 (3 handlers)
[GIN-debug] POST   /postWeibo                --> main.main.func2 (3 handlers)
[GIN-debug] Listening and serving HTTP on :17650

[35m(/home/sasukebo/go/src/github.com/SasukeBo/point-one-exam/main.go:38)[0m 
[33m[2019-10-14 22:36:04][0m  [36;1m[1.37ms][0m   select distinct user_refs.post_id from user_refs where user_refs.to = 'userA'  
[36;31m[0 rows affected or returned ][0m 

[35m(/home/sasukebo/go/src/github.com/SasukeBo/point-one-exam/main.go:51)[0m 
[33m[2019-10-14 22:36:04][0m  [36;1m[0.69ms][0m   select distinct user_refs.to from user_refs where post_id in (NULL) and user_refs.to != 'userA'  
[36;31m[0 rows affected or returned ][0m 

[35m(/home/sasukebo/go/src/github.com/SasukeBo/point-one-exam/main.go:64)[0m 
[33m[2019-10-14 22:36:04][0m  [36;1m[0.44ms][0m   select distinct user_refs.from from user_refs where user_refs.to = 'userA'  
[36;31m[0 rows affected or returned ][0m 

[35m(/home/sasukebo/go/src/github.com/SasukeBo/point-one-exam/main.go:77)[0m 
[33m[2019-10-14 22:36:04][0m  [36;1m[0.55ms][0m   select distinct user_refs.to from user_refs where user_refs.from in (NULL) and user_refs.to != 'userA'  
[36;31m[0 rows affected or returned ][0m 
[GIN] 2019/10/14 - 22:36:04 | 200 |    3.558399ms |  203.168.26.128 | GET      /suggest?user=userA
[GIN] 2019/10/14 - 22:36:04 | 404 |       1.193µs |  203.168.26.128 | GET      /favicon.ico
[GIN] 2019/10/14 - 22:37:04 | 404 |       1.125µs |  203.168.26.128 | GET      /postWeibo?from=userA&to=userB,userC,userD
[GIN] 2019/10/14 - 22:37:58 | 404 |         878ns |  203.168.26.128 | GET      /postWeibo?from=userA&to=userB,userC,userD
[GIN] 2019/10/14 - 22:38:04 | 404 |       1.307µs |  203.168.26.128 | GET      /postWeibo

[35m(/home/sasukebo/go/src/github.com/SasukeBo/point-one-exam/main.go:38)[0m 
[33m[2019-10-14 22:39:51][0m  [36;1m[0.71ms][0m   select distinct user_refs.post_id from user_refs where user_refs.to = 'userB'  
[36;31m[0 rows affected or returned ][0m 

[35m(/home/sasukebo/go/src/github.com/SasukeBo/point-one-exam/main.go:51)[0m 
[33m[2019-10-14 22:39:51][0m  [36;1m[0.54ms][0m   select distinct user_refs.to from user_refs where post_id in (NULL) and user_refs.to != 'userB'  
[36;31m[0 rows affected or returned ][0m 

[35m(/home/sasukebo/go/src/github.com/SasukeBo/point-one-exam/main.go:64)[0m 
[33m[2019-10-14 22:39:51][0m  [36;1m[0.59ms][0m   select distinct user_refs.from from user_refs where user_refs.to = 'userB'  
[36;31m[0 rows affected or returned ][0m 

[35m(/home/sasukebo/go/src/github.com/SasukeBo/point-one-exam/main.go:77)[0m 
[33m[2019-10-14 22:39:51][0m  [36;1m[0.51ms][0m   select distinct user_refs.to from user_refs where user_refs.from in (NULL) and user_refs.to != 'userB'  
[36;31m[0 rows affected or returned ][0m 
[GIN] 2019/10/14 - 22:39:51 | 200 |    2.895696ms |  203.168.26.128 | GET      /suggest?user=userB
[userE]

[35m(/home/sasukebo/go/src/github.com/SasukeBo/point-one-exam/main.go:110)[0m 
[33m[2019-10-14 22:41:48][0m  [36;1m[1.25ms][0m  INSERT  INTO "user_refs" ("created_at","updated_at","deleted_at","from","to","post_id") VALUES ('2019-10-14 22:41:48','2019-10-14 22:41:48',NULL,'userA','userE',1) RETURNING "user_refs"."id"  
[36;31m[1 rows affected or returned ][0m 
[GIN] 2019/10/14 - 22:41:48 | 200 |    5.541582ms |  203.168.26.128 | POST     /postWeibo
[userB userC userD]

[35m(/home/sasukebo/go/src/github.com/SasukeBo/point-one-exam/main.go:110)[0m 
[33m[2019-10-14 22:41:57][0m  [36;1m[0.56ms][0m  INSERT  INTO "user_refs" ("created_at","updated_at","deleted_at","from","to","post_id") VALUES ('2019-10-14 22:41:57','2019-10-14 22:41:57',NULL,'userA','userB',2) RETURNING "user_refs"."id"  
[36;31m[1 rows affected or returned ][0m 

[35m(/home/sasukebo/go/src/github.com/SasukeBo/point-one-exam/main.go:110)[0m 
[33m[2019-10-14 22:41:57][0m  [36;1m[0.42ms][0m  INSERT  INTO "user_refs" ("created_at","updated_at","deleted_at","from","to","post_id") VALUES ('2019-10-14 22:41:57','2019-10-14 22:41:57',NULL,'userA','userC',2) RETURNING "user_refs"."id"  
[36;31m[1 rows affected or returned ][0m 

[35m(/home/sasukebo/go/src/github.com/SasukeBo/point-one-exam/main.go:110)[0m 
[33m[2019-10-14 22:41:57][0m  [36;1m[0.43ms][0m  INSERT  INTO "user_refs" ("created_at","updated_at","deleted_at","from","to","post_id") VALUES ('2019-10-14 22:41:57','2019-10-14 22:41:57',NULL,'userA','userD',2) RETURNING "user_refs"."id"  
[36;31m[1 rows affected or returned ][0m 
[GIN] 2019/10/14 - 22:41:57 | 200 |    7.022825ms |  203.168.26.128 | POST     /postWeibo

[35m(/home/sasukebo/go/src/github.com/SasukeBo/point-one-exam/main.go:38)[0m 
[33m[2019-10-14 22:42:00][0m  [36;1m[0.73ms][0m   select distinct user_refs.post_id from user_refs where user_refs.to = 'userB'  
[36;31m[0 rows affected or returned ][0m 

[35m(/home/sasukebo/go/src/github.com/SasukeBo/point-one-exam/main.go:51)[0m 
[33m[2019-10-14 22:42:00][0m  [36;1m[0.58ms][0m   select distinct user_refs.to from user_refs where post_id in (2) and user_refs.to != 'userB'  
[36;31m[0 rows affected or returned ][0m 

[35m(/home/sasukebo/go/src/github.com/SasukeBo/point-one-exam/main.go:64)[0m 
[33m[2019-10-14 22:42:00][0m  [36;1m[0.48ms][0m   select distinct user_refs.from from user_refs where user_refs.to = 'userB'  
[36;31m[0 rows affected or returned ][0m 

[35m(/home/sasukebo/go/src/github.com/SasukeBo/point-one-exam/main.go:77)[0m 
[33m[2019-10-14 22:42:00][0m  [36;1m[0.49ms][0m   select distinct user_refs.to from user_refs where user_refs.from in ('userA') and user_refs.to != 'userB'  
[36;31m[0 rows affected or returned ][0m 
[GIN] 2019/10/14 - 22:42:00 | 200 |    2.870904ms |  203.168.26.128 | GET      /suggest?user=userB

[35m(/home/sasukebo/go/src/github.com/SasukeBo/point-one-exam/main.go:38)[0m 
[33m[2019-10-14 22:44:02][0m  [36;1m[0.74ms][0m   select distinct user_refs.post_id from user_refs where user_refs.to = 'userB'  
[36;31m[0 rows affected or returned ][0m 

[35m(/home/sasukebo/go/src/github.com/SasukeBo/point-one-exam/main.go:51)[0m 
[33m[2019-10-14 22:44:02][0m  [36;1m[0.59ms][0m   select distinct user_refs.to from user_refs where post_id in (2) and user_refs.to != 'userB'  
[36;31m[0 rows affected or returned ][0m 

[35m(/home/sasukebo/go/src/github.com/SasukeBo/point-one-exam/main.go:64)[0m 
[33m[2019-10-14 22:44:02][0m  [36;1m[0.48ms][0m   select distinct user_refs.from from user_refs where user_refs.to = 'userB'  
[36;31m[0 rows affected or returned ][0m 

[35m(/home/sasukebo/go/src/github.com/SasukeBo/point-one-exam/main.go:77)[0m 
[33m[2019-10-14 22:44:02][0m  [36;1m[0.41ms][0m   select distinct user_refs.to from user_refs where user_refs.from in ('userA') and user_refs.to != 'userB'  
[36;31m[0 rows affected or returned ][0m 
[GIN] 2019/10/14 - 22:44:02 | 200 |    2.786431ms |  203.168.26.128 | GET      /suggest?user=userB

[35m(/home/sasukebo/go/src/github.com/SasukeBo/point-one-exam/main.go:38)[0m 
[33m[2019-10-14 22:44:05][0m  [36;1m[0.91ms][0m   select distinct user_refs.post_id from user_refs where user_refs.to = 'userC'  
[36;31m[0 rows affected or returned ][0m 

[35m(/home/sasukebo/go/src/github.com/SasukeBo/point-one-exam/main.go:51)[0m 
[33m[2019-10-14 22:44:05][0m  [36;1m[0.68ms][0m   select distinct user_refs.to from user_refs where post_id in (2) and user_refs.to != 'userC'  
[36;31m[0 rows affected or returned ][0m 

[35m(/home/sasukebo/go/src/github.com/SasukeBo/point-one-exam/main.go:64)[0m 
[33m[2019-10-14 22:44:05][0m  [36;1m[0.59ms][0m   select distinct user_refs.from from user_refs where user_refs.to = 'userC'  
[36;31m[0 rows affected or returned ][0m 

[35m(/home/sasukebo/go/src/github.com/SasukeBo/point-one-exam/main.go:77)[0m 
[33m[2019-10-14 22:44:05][0m  [36;1m[0.54ms][0m   select distinct user_refs.to from user_refs where user_refs.from in ('userA') and user_refs.to != 'userC'  
[36;31m[0 rows affected or returned ][0m 
[GIN] 2019/10/14 - 22:44:05 | 200 |    3.358517ms |  203.168.26.128 | GET      /suggest?user=userC

[35m(/home/sasukebo/go/src/github.com/SasukeBo/point-one-exam/main.go:38)[0m 
[33m[2019-10-14 22:44:16][0m  [36;1m[0.88ms][0m   select distinct user_refs.post_id from user_refs where user_refs.to = 'userE'  
[36;31m[0 rows affected or returned ][0m 

[35m(/home/sasukebo/go/src/github.com/SasukeBo/point-one-exam/main.go:51)[0m 
[33m[2019-10-14 22:44:16][0m  [36;1m[0.66ms][0m   select distinct user_refs.to from user_refs where post_id in (1) and user_refs.to != 'userE'  
[36;31m[0 rows affected or returned ][0m 

[35m(/home/sasukebo/go/src/github.com/SasukeBo/point-one-exam/main.go:64)[0m 
[33m[2019-10-14 22:44:16][0m  [36;1m[0.52ms][0m   select distinct user_refs.from from user_refs where user_refs.to = 'userE'  
[36;31m[0 rows affected or returned ][0m 

[35m(/home/sasukebo/go/src/github.com/SasukeBo/point-one-exam/main.go:77)[0m 
[33m[2019-10-14 22:44:16][0m  [36;1m[0.66ms][0m   select distinct user_refs.to from user_refs where user_refs.from in ('userA') and user_refs.to != 'userE'  
[36;31m[0 rows affected or returned ][0m 
[GIN] 2019/10/14 - 22:44:16 | 200 |    3.301888ms |  203.168.26.128 | GET      /suggest?user=userE
[userF userG]

[35m(/home/sasukebo/go/src/github.com/SasukeBo/point-one-exam/main.go:110)[0m 
[33m[2019-10-14 22:44:35][0m  [36;1m[0.57ms][0m  INSERT  INTO "user_refs" ("created_at","updated_at","deleted_at","from","to","post_id") VALUES ('2019-10-14 22:44:35','2019-10-14 22:44:35',NULL,'userA','userF',3) RETURNING "user_refs"."id"  
[36;31m[1 rows affected or returned ][0m 

[35m(/home/sasukebo/go/src/github.com/SasukeBo/point-one-exam/main.go:110)[0m 
[33m[2019-10-14 22:44:35][0m  [36;1m[0.44ms][0m  INSERT  INTO "user_refs" ("created_at","updated_at","deleted_at","from","to","post_id") VALUES ('2019-10-14 22:44:35','2019-10-14 22:44:35',NULL,'userA','userG',3) RETURNING "user_refs"."id"  
[36;31m[1 rows affected or returned ][0m 
[GIN] 2019/10/14 - 22:44:35 | 200 |    4.493882ms |  203.168.26.128 | POST     /postWeibo

[35m(/home/sasukebo/go/src/github.com/SasukeBo/point-one-exam/main.go:38)[0m 
[33m[2019-10-14 22:44:40][0m  [36;1m[0.96ms][0m   select distinct user_refs.post_id from user_refs where user_refs.to = 'userF'  
[36;31m[0 rows affected or returned ][0m 

[35m(/home/sasukebo/go/src/github.com/SasukeBo/point-one-exam/main.go:51)[0m 
[33m[2019-10-14 22:44:40][0m  [36;1m[0.63ms][0m   select distinct user_refs.to from user_refs where post_id in (3) and user_refs.to != 'userF'  
[36;31m[0 rows affected or returned ][0m 

[35m(/home/sasukebo/go/src/github.com/SasukeBo/point-one-exam/main.go:64)[0m 
[33m[2019-10-14 22:44:40][0m  [36;1m[0.47ms][0m   select distinct user_refs.from from user_refs where user_refs.to = 'userF'  
[36;31m[0 rows affected or returned ][0m 

[35m(/home/sasukebo/go/src/github.com/SasukeBo/point-one-exam/main.go:77)[0m 
[33m[2019-10-14 22:44:40][0m  [36;1m[0.58ms][0m   select distinct user_refs.to from user_refs where user_refs.from in ('userA') and user_refs.to != 'userF'  
[36;31m[0 rows affected or returned ][0m 
[GIN] 2019/10/14 - 22:44:40 | 200 |    3.451316ms |  203.168.26.128 | GET      /suggest?user=userF
[GIN] 2019/10/14 - 22:59:27 | 404 |       1.222µs |   89.248.169.17 | GET      /
[GIN] 2019/10/14 - 23:13:39 | 404 |       1.418µs |    80.82.70.187 | GET      /cache/global/img/gs.gif
[GIN] 2019/10/14 - 23:13:40 | 404 |       1.427µs |    80.82.70.187 | GET      /cache/global/img/gs.gif
[GIN] 2019/10/14 - 23:20:34 | 404 |         861ns |  190.214.55.206 | GET      /
[GIN] 2019/10/15 - 00:27:39 | 404 |       1.183µs |    5.13.195.241 | GET      /
[GIN] 2019/10/15 - 00:27:58 | 404 |       1.311µs |    88.12.51.165 | GET      /
[GIN] 2019/10/15 - 02:25:01 | 404 |       1.298µs |   112.65.52.140 | HEAD     /
[GIN] 2019/10/15 - 02:25:01 | 404 |         898ns |  128.169.27.198 | HEAD     /phpinfo.php
[GIN] 2019/10/15 - 02:25:01 | 404 |       1.339µs |  64.140.159.109 | HEAD     /
[GIN] 2019/10/15 - 03:02:50 | 404 |       1.383µs |    47.101.46.58 | GET      /
[GIN] 2019/10/15 - 03:48:26 | 404 |       1.488µs |  174.138.16.227 | GET      /wp-login.php
[GIN] 2019/10/15 - 03:55:22 | 404 |       1.432µs |  43.245.218.243 | GET      /
[GIN] 2019/10/15 - 04:04:04 | 404 |       1.325µs |   202.9.120.169 | GET      /
[GIN] 2019/10/15 - 04:18:12 | 404 |        1.15µs |  31.145.138.138 | GET      /
[GIN] 2019/10/15 - 04:24:57 | 404 |         996ns |  77.247.110.222 | HEAD     /robots.txt
[GIN] 2019/10/15 - 04:48:49 | 404 |       1.197µs |  189.126.64.138 | GET      /
[GIN] 2019/10/15 - 05:54:16 | 404 |       1.145µs |  47.101.193.213 | GET      /
[GIN] 2019/10/15 - 06:34:03 | 404 |       1.658µs |    47.92.105.73 | GET      /home
[GIN] 2019/10/15 - 07:39:55 | 404 |       1.079µs |   45.170.220.60 | GET      /

[35m(/home/sasukebo/go/src/github.com/SasukeBo/point-one-exam/main.go:38)[0m 
[33m[2019-10-15 08:02:20][0m  [36;1m[0.94ms][0m   select distinct user_refs.post_id from user_refs where user_refs.to = 'userF'  
[36;31m[0 rows affected or returned ][0m 

[35m(/home/sasukebo/go/src/github.com/SasukeBo/point-one-exam/main.go:51)[0m 
[33m[2019-10-15 08:02:20][0m  [36;1m[0.64ms][0m   select distinct user_refs.to from user_refs where post_id in (3) and user_refs.to != 'userF'  
[36;31m[0 rows affected or returned ][0m 

[35m(/home/sasukebo/go/src/github.com/SasukeBo/point-one-exam/main.go:64)[0m 
[33m[2019-10-15 08:02:20][0m  [36;1m[0.51ms][0m   select distinct user_refs.from from user_refs where user_refs.to = 'userF'  
[36;31m[0 rows affected or returned ][0m 

[35m(/home/sasukebo/go/src/github.com/SasukeBo/point-one-exam/main.go:77)[0m 
[33m[2019-10-15 08:02:20][0m  [36;1m[0.63ms][0m   select distinct user_refs.to from user_refs where user_refs.from in ('userA') and user_refs.to != 'userF'  
[36;31m[0 rows affected or returned ][0m 
[GIN] 2019/10/15 - 08:02:20 | 200 |     3.39763ms |   203.168.19.51 | GET      /suggest?user=userF

[35m(/home/sasukebo/go/src/github.com/SasukeBo/point-one-exam/main.go:38)[0m 
[33m[2019-10-15 08:02:21][0m  [36;1m[0.93ms][0m   select distinct user_refs.post_id from user_refs where user_refs.to = 'userF'  
[36;31m[0 rows affected or returned ][0m 

[35m(/home/sasukebo/go/src/github.com/SasukeBo/point-one-exam/main.go:51)[0m 
[33m[2019-10-15 08:02:21][0m  [36;1m[0.50ms][0m   select distinct user_refs.to from user_refs where post_id in (3) and user_refs.to != 'userF'  
[36;31m[0 rows affected or returned ][0m 

[35m(/home/sasukebo/go/src/github.com/SasukeBo/point-one-exam/main.go:64)[0m 
[33m[2019-10-15 08:02:21][0m  [36;1m[0.39ms][0m   select distinct user_refs.from from user_refs where user_refs.to = 'userF'  
[36;31m[0 rows affected or returned ][0m 

[35m(/home/sasukebo/go/src/github.com/SasukeBo/point-one-exam/main.go:77)[0m 
[33m[2019-10-15 08:02:21][0m  [36;1m[0.68ms][0m   select distinct user_refs.to from user_refs where user_refs.from in ('userA') and user_refs.to != 'userF'  
[36;31m[0 rows affected or returned ][0m 
[GIN] 2019/10/15 - 08:02:21 | 200 |    3.355536ms |   203.168.19.51 | GET      /suggest?user=userF

[35m(/home/sasukebo/go/src/github.com/SasukeBo/point-one-exam/main.go:38)[0m 
[33m[2019-10-15 08:02:21][0m  [36;1m[0.77ms][0m   select distinct user_refs.post_id from user_refs where user_refs.to = 'userF'  
[36;31m[0 rows affected or returned ][0m 

[35m(/home/sasukebo/go/src/github.com/SasukeBo/point-one-exam/main.go:51)[0m 
[33m[2019-10-15 08:02:21][0m  [36;1m[0.68ms][0m   select distinct user_refs.to from user_refs where post_id in (3) and user_refs.to != 'userF'  
[36;31m[0 rows affected or returned ][0m 

[35m(/home/sasukebo/go/src/github.com/SasukeBo/point-one-exam/main.go:64)[0m 
[33m[2019-10-15 08:02:21][0m  [36;1m[0.54ms][0m   select distinct user_refs.from from user_refs where user_refs.to = 'userF'  
[36;31m[0 rows affected or returned ][0m 

[35m(/home/sasukebo/go/src/github.com/SasukeBo/point-one-exam/main.go:77)[0m 
[33m[2019-10-15 08:02:21][0m  [36;1m[0.46ms][0m   select distinct user_refs.to from user_refs where user_refs.from in ('userA') and user_refs.to != 'userF'  
[36;31m[0 rows affected or returned ][0m 
[GIN] 2019/10/15 - 08:02:21 | 200 |    3.096157ms |   203.168.19.51 | GET      /suggest?user=userF
[GIN] 2019/10/15 - 08:08:46 | 404 |       1.076µs |  144.202.84.225 | GET      /favicon.ico
[GIN] 2019/10/15 - 08:13:39 | 404 |       1.167µs |    196.52.43.59 | GET      /
[GIN] 2019/10/15 - 09:09:51 | 404 |         943ns |  144.202.84.225 | GET      /
[GIN] 2019/10/15 - 09:17:05 | 404 |       1.121µs |    80.82.70.187 | GET      /cache/global/img/gs.gif
[GIN] 2019/10/15 - 09:55:45 | 404 |         962ns |   165.22.144.17 | GET      /wp-login.php
[GIN] 2019/10/15 - 11:46:29 | 404 |         811ns |    47.205.52.41 | GET      /

[35m(/home/sasukebo/go/src/github.com/SasukeBo/point-one-exam/main.go:38)[0m 
[33m[2019-10-15 12:10:21][0m  [36;1m[0.64ms][0m   select distinct user_refs.post_id from user_refs where user_refs.to = 'userA'  
[36;31m[0 rows affected or returned ][0m 

[35m(/home/sasukebo/go/src/github.com/SasukeBo/point-one-exam/main.go:51)[0m 
[33m[2019-10-15 12:10:21][0m  [36;1m[0.49ms][0m   select distinct user_refs.to from user_refs where post_id in (NULL) and user_refs.to != 'userA'  
[36;31m[0 rows affected or returned ][0m 

[35m(/home/sasukebo/go/src/github.com/SasukeBo/point-one-exam/main.go:64)[0m 
[33m[2019-10-15 12:10:21][0m  [36;1m[0.42ms][0m   select distinct user_refs.from from user_refs where user_refs.to = 'userA'  
[36;31m[0 rows affected or returned ][0m 

[35m(/home/sasukebo/go/src/github.com/SasukeBo/point-one-exam/main.go:77)[0m 
[33m[2019-10-15 12:10:21][0m  [36;1m[0.41ms][0m   select distinct user_refs.to from user_refs where user_refs.from in (NULL) and user_refs.to != 'userA'  
[36;31m[0 rows affected or returned ][0m 
[GIN] 2019/10/15 - 12:10:21 | 200 |    2.515824ms |   112.97.54.202 | GET      /suggest?user=userA
[GIN] 2019/10/15 - 12:10:22 | 404 |         910ns |   112.97.54.202 | GET      /favicon.ico

[35m(/home/sasukebo/go/src/github.com/SasukeBo/point-one-exam/main.go:38)[0m 
[33m[2019-10-15 12:10:29][0m  [36;1m[0.89ms][0m   select distinct user_refs.post_id from user_refs where user_refs.to = 'userB'  
[36;31m[0 rows affected or returned ][0m 

[35m(/home/sasukebo/go/src/github.com/SasukeBo/point-one-exam/main.go:51)[0m 
[33m[2019-10-15 12:10:29][0m  [36;1m[0.64ms][0m   select distinct user_refs.to from user_refs where post_id in (2) and user_refs.to != 'userB'  
[36;31m[0 rows affected or returned ][0m 

[35m(/home/sasukebo/go/src/github.com/SasukeBo/point-one-exam/main.go:64)[0m 
[33m[2019-10-15 12:10:29][0m  [36;1m[0.59ms][0m   select distinct user_refs.from from user_refs where user_refs.to = 'userB'  
[36;31m[0 rows affected or returned ][0m 

[35m(/home/sasukebo/go/src/github.com/SasukeBo/point-one-exam/main.go:77)[0m 
[33m[2019-10-15 12:10:29][0m  [36;1m[0.56ms][0m   select distinct user_refs.to from user_refs where user_refs.from in ('userA') and user_refs.to != 'userB'  
[36;31m[0 rows affected or returned ][0m 
[GIN] 2019/10/15 - 12:10:29 | 200 |    3.339715ms |   112.97.54.202 | GET      /suggest?user=userB
[GIN] 2019/10/15 - 12:10:29 | 404 |         880ns |   112.97.54.202 | GET      /favicon.ico

[35m(/home/sasukebo/go/src/github.com/SasukeBo/point-one-exam/main.go:38)[0m 
[33m[2019-10-15 12:11:21][0m  [36;1m[0.71ms][0m   select distinct user_refs.post_id from user_refs where user_refs.to = 'userA'  
[36;31m[0 rows affected or returned ][0m 

[35m(/home/sasukebo/go/src/github.com/SasukeBo/point-one-exam/main.go:51)[0m 
[33m[2019-10-15 12:11:21][0m  [36;1m[0.64ms][0m   select distinct user_refs.to from user_refs where post_id in (NULL) and user_refs.to != 'userA'  
[36;31m[0 rows affected or returned ][0m 

[35m(/home/sasukebo/go/src/github.com/SasukeBo/point-one-exam/main.go:64)[0m 
[33m[2019-10-15 12:11:21][0m  [36;1m[0.39ms][0m   select distinct user_refs.from from user_refs where user_refs.to = 'userA'  
[36;31m[0 rows affected or returned ][0m 

[35m(/home/sasukebo/go/src/github.com/SasukeBo/point-one-exam/main.go:77)[0m 
[33m[2019-10-15 12:11:21][0m  [36;1m[0.43ms][0m   select distinct user_refs.to from user_refs where user_refs.from in (NULL) and user_refs.to != 'userA'  
[36;31m[0 rows affected or returned ][0m 
[GIN] 2019/10/15 - 12:11:21 | 200 |    2.729908ms |  58.247.212.141 | GET      /suggest?user=userA

[35m(/home/sasukebo/go/src/github.com/SasukeBo/point-one-exam/main.go:38)[0m 
[33m[2019-10-15 12:11:29][0m  [36;1m[0.87ms][0m   select distinct user_refs.post_id from user_refs where user_refs.to = 'userB'  
[36;31m[0 rows affected or returned ][0m 

[35m(/home/sasukebo/go/src/github.com/SasukeBo/point-one-exam/main.go:51)[0m 
[33m[2019-10-15 12:11:29][0m  [36;1m[0.68ms][0m   select distinct user_refs.to from user_refs where post_id in (2) and user_refs.to != 'userB'  
[36;31m[0 rows affected or returned ][0m 

[35m(/home/sasukebo/go/src/github.com/SasukeBo/point-one-exam/main.go:64)[0m 
[33m[2019-10-15 12:11:29][0m  [36;1m[0.46ms][0m   select distinct user_refs.from from user_refs where user_refs.to = 'userB'  
[36;31m[0 rows affected or returned ][0m 

[35m(/home/sasukebo/go/src/github.com/SasukeBo/point-one-exam/main.go:77)[0m 
[33m[2019-10-15 12:11:29][0m  [36;1m[0.36ms][0m   select distinct user_refs.to from user_refs where user_refs.from in ('userA') and user_refs.to != 'userB'  
[36;31m[0 rows affected or returned ][0m 
[GIN] 2019/10/15 - 12:11:29 | 200 |    3.044973ms |  58.246.221.163 | GET      /suggest?user=userB

[35m(/home/sasukebo/go/src/github.com/SasukeBo/point-one-exam/main.go:38)[0m 
[33m[2019-10-15 12:11:29][0m  [36;1m[0.83ms][0m   select distinct user_refs.post_id from user_refs where user_refs.to = 'userB'  
[36;31m[0 rows affected or returned ][0m 

[35m(/home/sasukebo/go/src/github.com/SasukeBo/point-one-exam/main.go:51)[0m 
[33m[2019-10-15 12:11:29][0m  [36;1m[0.53ms][0m   select distinct user_refs.to from user_refs where post_id in (2) and user_refs.to != 'userB'  
[36;31m[0 rows affected or returned ][0m 

[35m(/home/sasukebo/go/src/github.com/SasukeBo/point-one-exam/main.go:64)[0m 
[33m[2019-10-15 12:11:29][0m  [36;1m[0.38ms][0m   select distinct user_refs.from from user_refs where user_refs.to = 'userB'  
[36;31m[0 rows affected or returned ][0m 

[35m(/home/sasukebo/go/src/github.com/SasukeBo/point-one-exam/main.go:77)[0m 
[33m[2019-10-15 12:11:29][0m  [36;1m[0.52ms][0m   select distinct user_refs.to from user_refs where user_refs.from in ('userA') and user_refs.to != 'userB'  
[36;31m[0 rows affected or returned ][0m 
[GIN] 2019/10/15 - 12:11:29 | 200 |    2.883862ms |  223.167.152.70 | GET      /suggest?user=userB
[GIN] 2019/10/15 - 12:33:02 | 404 |         842ns |  213.129.111.18 | GET      /
[GIN] 2019/10/15 - 12:41:21 | 404 |       1.332µs |  187.102.50.217 | GET      /
[GIN] 2019/10/15 - 12:55:16 | 404 |        1.11µs |     194.67.6.46 | GET      /
[GIN] 2019/10/15 - 13:02:12 | 404 |       1.136µs |  169.197.108.42 | GET      /secure/ContactAdministrators!default.jspa
[GIN] 2019/10/15 - 13:06:19 | 404 |         966ns |  123.108.50.205 | GET      /
[GIN] 2019/10/15 - 13:33:33 | 404 |         987ns |     211.95.50.7 | GET      /
[GIN] 2019/10/15 - 13:33:38 | 404 |       1.314µs |     211.95.50.8 | POST     /sdk
[GIN] 2019/10/15 - 13:33:38 | 404 |         920ns |     211.95.50.7 | GET      /
[GIN] 2019/10/15 - 13:33:38 | 404 |         688ns |     211.95.50.8 | GET      /
[GIN] 2019/10/15 - 13:33:38 | 404 |         683ns |     211.95.50.8 | GET      /nmaplowercheck1571117618
[GIN] 2019/10/15 - 13:33:38 | 404 |       1.116µs |     211.95.50.8 | GET      /
[GIN] 2019/10/15 - 13:33:38 | 404 |         806ns |     211.95.50.7 | GET      /evox/about
[GIN] 2019/10/15 - 13:33:38 | 404 |         911ns |     211.95.50.7 | GET      /HNAP1
[GIN] 2019/10/15 - 13:34:13 | 404 |       1.237µs |     211.95.50.8 | GET      /
[GIN] 2019/10/15 - 13:34:14 | 404 |       1.074µs |     211.95.50.7 | GET      /
[GIN] 2019/10/15 - 13:44:52 | 404 |       1.345µs |  144.202.84.225 | GET      /home

[35m(/home/sasukebo/go/src/github.com/SasukeBo/point-one-exam/main.go:38)[0m 
[33m[2019-10-15 13:59:19][0m  [36;1m[0.67ms][0m   select distinct user_refs.post_id from user_refs where user_refs.to = 'userA'  
[36;31m[0 rows affected or returned ][0m 

[35m(/home/sasukebo/go/src/github.com/SasukeBo/point-one-exam/main.go:51)[0m 
[33m[2019-10-15 13:59:19][0m  [36;1m[0.75ms][0m   select distinct user_refs.to from user_refs where post_id in (NULL) and user_refs.to != 'userA'  
[36;31m[0 rows affected or returned ][0m 

[35m(/home/sasukebo/go/src/github.com/SasukeBo/point-one-exam/main.go:64)[0m 
[33m[2019-10-15 13:59:19][0m  [36;1m[0.51ms][0m   select distinct user_refs.from from user_refs where user_refs.to = 'userA'  
[36;31m[0 rows affected or returned ][0m 

[35m(/home/sasukebo/go/src/github.com/SasukeBo/point-one-exam/main.go:77)[0m 
[33m[2019-10-15 13:59:19][0m  [36;1m[0.65ms][0m   select distinct user_refs.to from user_refs where user_refs.from in (NULL) and user_refs.to != 'userA'  
[36;31m[0 rows affected or returned ][0m 
[GIN] 2019/10/15 - 13:59:19 | 200 |    3.223932ms |   203.168.19.51 | GET      /suggest?user=userA

[35m(/home/sasukebo/go/src/github.com/SasukeBo/point-one-exam/main.go:38)[0m 
[33m[2019-10-15 13:59:22][0m  [36;1m[0.72ms][0m   select distinct user_refs.post_id from user_refs where user_refs.to = 'userB'  
[36;31m[0 rows affected or returned ][0m 

[35m(/home/sasukebo/go/src/github.com/SasukeBo/point-one-exam/main.go:51)[0m 
[33m[2019-10-15 13:59:22][0m  [36;1m[0.61ms][0m   select distinct user_refs.to from user_refs where post_id in (2) and user_refs.to != 'userB'  
[36;31m[0 rows affected or returned ][0m 

[35m(/home/sasukebo/go/src/github.com/SasukeBo/point-one-exam/main.go:64)[0m 
[33m[2019-10-15 13:59:22][0m  [36;1m[0.66ms][0m   select distinct user_refs.from from user_refs where user_refs.to = 'userB'  
[36;31m[0 rows affected or returned ][0m 

[35m(/home/sasukebo/go/src/github.com/SasukeBo/point-one-exam/main.go:77)[0m 
[33m[2019-10-15 13:59:22][0m  [36;1m[0.41ms][0m   select distinct user_refs.to from user_refs where user_refs.from in ('userA') and user_refs.to != 'userB'  
[36;31m[0 rows affected or returned ][0m 
[GIN] 2019/10/15 - 13:59:22 | 200 |    3.137217ms |   203.168.19.51 | GET      /suggest?user=userB

[35m(/home/sasukebo/go/src/github.com/SasukeBo/point-one-exam/main.go:38)[0m 
[33m[2019-10-15 14:05:11][0m  [36;1m[0.71ms][0m   select distinct user_refs.post_id from user_refs where user_refs.to = 'userB'  
[36;31m[0 rows affected or returned ][0m 

[35m(/home/sasukebo/go/src/github.com/SasukeBo/point-one-exam/main.go:51)[0m 
[33m[2019-10-15 14:05:11][0m  [36;1m[0.47ms][0m   select distinct user_refs.to from user_refs where post_id in (2) and user_refs.to != 'userB'  
[36;31m[0 rows affected or returned ][0m 

[35m(/home/sasukebo/go/src/github.com/SasukeBo/point-one-exam/main.go:64)[0m 
[33m[2019-10-15 14:05:11][0m  [36;1m[0.52ms][0m   select distinct user_refs.from from user_refs where user_refs.to = 'userB'  
[36;31m[0 rows affected or returned ][0m 

[35m(/home/sasukebo/go/src/github.com/SasukeBo/point-one-exam/main.go:77)[0m 
[33m[2019-10-15 14:05:11][0m  [36;1m[0.59ms][0m   select distinct user_refs.to from user_refs where user_refs.from in ('userA') and user_refs.to != 'userB'  
[36;31m[0 rows affected or returned ][0m 
[GIN] 2019/10/15 - 14:05:11 | 200 |    2.821057ms |   203.168.19.51 | GET      /suggest?user=userB
